Chhiring Lama
Assignment 4
Name of this script is: 
++++++++++++++++++++++++++

Option -j is triggered but it does't require argument 
Option -k is triggered but it does't require argument 
Option -z it triggered, passed parameter is: temp 
-j
+++++++++++++++++++++++++++++++++++++++++++++++++++++++++++++++++++++++++++


the function is called here
 Name of this script is: ./As4_clama.sh 

This is to inform the users about the getopts builtin
+++++++++++++++++++++++++++++++++++++++++++++++++++++++
getopts is a builtin to parse the command-line argument
This script will take three options 'j' 'k' and  'z' with an arguemnt
If options other than mentioned above is passed then it is invalid
The colon at the beggining of the options indicates that errors will be handeled
The colon followng a option indicates that it requires an argument
The option ? in the case statement is to handle the invalid option 
The passed ivalid option will be stored in the OPTARG variable 
When an argument for the option is passed it will store in OPTARG 
Finally, the oprions and the argument is fed in execution of the script
The end
