Chhiring Lama
The date is as follows: 
Thu 12 Nov 2020 03:22:02 PM EST
++++++++++++++++++++++++++++++++++++++++++++++++++++++++

This is task 1 Assignment 3

The argument passed to this script is: 5
Check if POsitional parameter is at least one 

5 Positional parameter is passed
it is obiously at least one

karma is not a directory
lama is not a directory
anita is not a directory
Alina is not a directory
camp directory exixts


+++++++++++++++++++++++++++++++++++++++++++++++
This is Task 2 of Assignment 3
++++++++++++++++++++++++++++++++++++++++++++++
This for loop will inform first name and last name of code generator
++++++++++++++++++++++++++++++++++++++++++++++++++++++++++++++++++


1 times of:
First name is: Chhiring
Last Name is: Lama
Full name is Chhiring  Lama
2 times of:
First name is: Chhiring
Last Name is: Lama
Full name is Chhiring  Lama

This While loop will let 3 users enter their firs and last name
++++++++++++++++++++++++++++++++++++++++++++++++++++++++++++++++

1 time: 
First name is: Chhiring
Last Name is: Lama
Full name is Chhiring  Lama
2 time: 
First name is: Chhiring
Last Name is: Lama
Full name is Chhiring  Lama
3 time: 
First name is: Chhiring
Last Name is: Lama
Full name is Chhiring  Lama

+++++++++++++++++++++++++++++++++++++++++++++

This is task 3 of Assignment 3

A function named check_temp is defined
Function is called here
The directory temp exists in the home directory 

This is task 4 of Assignment 3
+++++++++++++++++++++++++++++++++

first name is: l 

This is task 5 of Assginment 3 
++++++++++++++++++++++++++++++++

Declare and define a function below to inform users. 
Name of this script is ./As3_clama.sh
+++++++++++++++++++++++++++++++++++++++++++
This script is created as a handy tool to response Assignment 3.
This script will have 5 positional parameters including a existing directory name
one function  will check if spesific directory is existed otherwise it will creat one.
Another one will print programmers name twice with for loop and trice with while loop. 

